<?xml version="1.0" encoding="UTF-8"?>
<testsuite xmlns:xsi="http://www.w3.org/2001/XMLSchema-instance" xsi:noNamespaceSchemaLocation="https://maven.apache.org/surefire/maven-surefire-plugin/xsd/surefire-test-report-3.0.xsd" version="3.0" name="com.Swaglabs.runners.TestRunner" time="1.252" tests="3" errors="3" skipped="0" failures="0">
  <properties>
[...]
</properties>
  <testcase name="valid login" classname="Sauce Demo login" time="0.189">
    <error message="The step &quot;user enters valid username&quot; is undefined. You can implement it using the snippet(s) below:&#10;&#10;@When(&quot;user enters valid username&quot;)&#10;public void user_enters_valid_username() {&#10;    // Write code here that turns the phrase above into concrete actions&#10;    throw new io.cucumber.java.PendingException();&#10;}&#10;&#10;&#10;Some other steps were also undefined:&#10;&#10;@When(&quot;user enters valid password&quot;)&#10;public void user_enters_valid_password() {&#10;    // Write code here that turns the phrase above into concrete actions&#10;    throw new io.cucumber.java.PendingException();&#10;}&#10;@When(&quot;click on login button&quot;)&#10;public void click_on_login_button() {&#10;    // Write code here that turns the phrase above into concrete actions&#10;    throw new io.cucumber.java.PendingException();&#10;}&#10;@Then(&quot;I validate that user is logged in&quot;)&#10;public void i_validate_that_user_is_logged_in() {&#10;    // Write code here that turns the phrase above into concrete actions&#10;    throw new io.cucumber.java.PendingException();&#10;}&#10;" type="io.cucumber.junit.UndefinedStepException"><![CDATA[io.cucumber.junit.UndefinedStepException: 
The step "user enters valid username" is undefined. You can implement it using the snippet(s) below:

@When("user enters valid username")
public void user_enters_valid_username() {
    // Write code here that turns the phrase above into concrete actions
    throw new io.cucumber.java.PendingException();
}


Some other steps were also undefined:

@When("user enters valid password")
public void user_enters_valid_password() {
    // Write code here that turns the phrase above into concrete actions
    throw new io.cucumber.java.PendingException();
}
@When("click on login button")
public void click_on_login_button() {
    // Write code here that turns the phrase above into concrete actions
    throw new io.cucumber.java.PendingException();
}
@Then("I validate that user is logged in")
public void i_validate_that_user_is_logged_in() {
    // Write code here that turns the phrase above into concrete actions
    throw new io.cucumber.java.PendingException();
}

]]></error>
    <system-out><![CDATA[
@login
Scenario: valid login                    # src/test/resources/features/Login.feature:4
  When user enters valid username        # null
  And user enters valid password         # null
  And click on login button              # null
  Then I validate that user is logged in # null
]]></system-out>
  </testcase>
  <testcase name="empty password" classname="Sauce Demo login" time="0.053">
    <error message="The step &quot;user enters valid username&quot; is undefined. You can implement it using the snippet(s) below:&#10;&#10;@When(&quot;user enters valid username&quot;)&#10;public void user_enters_valid_username() {&#10;    // Write code here that turns the phrase above into concrete actions&#10;    throw new io.cucumber.java.PendingException();&#10;}&#10;&#10;&#10;Some other steps were also undefined:&#10;&#10;@When(&quot;user leaves password empty&quot;)&#10;public void user_leaves_password_empty() {&#10;    // Write code here that turns the phrase above into concrete actions&#10;    throw new io.cucumber.java.PendingException();&#10;}&#10;@When(&quot;click on login button&quot;)&#10;public void click_on_login_button() {&#10;    // Write code here that turns the phrase above into concrete actions&#10;    throw new io.cucumber.java.PendingException();&#10;}&#10;@Then(&quot;I validate that {string} message is displayed&quot;)&#10;public void i_validate_that_message_is_displayed(String string) {&#10;    // Write code here that turns the phrase above into concrete actions&#10;    throw new io.cucumber.java.PendingException();&#10;}&#10;" type="io.cucumber.junit.UndefinedStepException"><![CDATA[io.cucumber.junit.UndefinedStepException: 
The step "user enters valid username" is undefined. You can implement it using the snippet(s) below:

@When("user enters valid username")
public void user_enters_valid_username() {
    // Write code here that turns the phrase above into concrete actions
    throw new io.cucumber.java.PendingException();
}


Some other steps were also undefined:

@When("user leaves password empty")
public void user_leaves_password_empty() {
    // Write code here that turns the phrase above into concrete actions
    throw new io.cucumber.java.PendingException();
}
@When("click on login button")
public void click_on_login_button() {
    // Write code here that turns the phrase above into concrete actions
    throw new io.cucumber.java.PendingException();
}
@Then("I validate that {string} message is displayed")
public void i_validate_that_message_is_displayed(String string) {
    // Write code here that turns the phrase above into concrete actions
    throw new io.cucumber.java.PendingException();
}

]]></error>
    <system-out><![CDATA[
@login
Scenario: empty password                                                            # src/test/resources/features/Login.feature:10
  When user enters valid username                                                   # null
  And user leaves password empty                                                    # null
  And click on login button                                                         # null
  Then I validate that "Epic sadface: Password is required..." message is displayed # null
]]></system-out>
  </testcase>
  <testcase name="invalid login" classname="Sauce Demo login" time="0.066">
    <error message="The step &quot;user enters invalid username as &quot;random_username&quot;&quot; is undefined. You can implement it using the snippet(s) below:&#10;&#10;@When(&quot;user enters invalid username as {string}&quot;)&#10;public void user_enters_invalid_username_as(String string) {&#10;    // Write code here that turns the phrase above into concrete actions&#10;    throw new io.cucumber.java.PendingException();&#10;}&#10;&#10;&#10;Some other steps were also undefined:&#10;&#10;@When(&quot;user enters invalid password as {string}&quot;)&#10;public void user_enters_invalid_password_as(String string) {&#10;    // Write code here that turns the phrase above into concrete actions&#10;    throw new io.cucumber.java.PendingException();&#10;}&#10;@When(&quot;click on login button&quot;)&#10;public void click_on_login_button() {&#10;    // Write code here that turns the phrase above into concrete actions&#10;    throw new io.cucumber.java.PendingException();&#10;}&#10;@Then(&quot;I validate that {string} message is displayed&quot;)&#10;public void i_validate_that_message_is_displayed(String string) {&#10;    // Write code here that turns the phrase above into concrete actions&#10;    throw new io.cucumber.java.PendingException();&#10;}&#10;" type="io.cucumber.junit.UndefinedStepException"><![CDATA[io.cucumber.junit.UndefinedStepException: 
The step "user enters invalid username as "random_username"" is undefined. You can implement it using the snippet(s) below:

@When("user enters invalid username as {string}")
public void user_enters_invalid_username_as(String string) {
    // Write code here that turns the phrase above into concrete actions
    throw new io.cucumber.java.PendingException();
}


Some other steps were also undefined:

@When("user enters invalid password as {string}")
public void user_enters_invalid_password_as(String string) {
    // Write code here that turns the phrase above into concrete actions
    throw new io.cucumber.java.PendingException();
}
@When("click on login button")
public void click_on_login_button() {
    // Write code here that turns the phrase above into concrete actions
    throw new io.cucumber.java.PendingException();
}
@Then("I validate that {string} message is displayed")
public void i_validate_that_message_is_displayed(String string) {
    // Write code here that turns the phrase above into concrete actions
    throw new io.cucumber.java.PendingException();
}

]]></error>
    <system-out><![CDATA[
@login
Scenario: invalid login                                                                                                 # src/test/resources/features/Login.feature:16
  When user enters invalid username as "random_username"                                                                # null
  And user enters invalid password as "random_password"                                                                 # null
  And click on login button                                                                                             # null
  Then I validate that "Epic sadface: Username and password do not match any user in this service" message is displayed # null
]]></system-out>
  </testcase>
</testsuite>